>> manipulation_dbscan_demo
m = 10
ell = 2
  -2.9442e+00  -3.4154e+00
  -1.2664e+01   2.7747e+00
  -1.5924e+01   8.2320e+00
   9.3371e+00   6.7982e-02
  -1.4897e+01  -3.5731e+00
   7.8509e+00   1.2865e+01
   2.1647e+01   4.8206e+00
   1.4296e+01   5.5665e+00
  -7.7830e+00   7.6844e+00
  -3.4784e+00  -6.6404e+00
epsilon = 0.016345
h = 45
rank of M is 
ans = 45
   1.0000e+00   1.0000e+00   2.4513e-08
point pair  desired  computed distance
   1.0000e+00   7.5451e+03   7.5451e+03
   2.0000e+00   7.5451e+03   7.5451e+03
   3.000000   0.016345   0.016482
   4.0000e+00   7.5451e+03   7.5451e+03
   5.0000e+00   7.5451e+03   7.5451e+03
   6.0000e+00   7.5451e+03   7.5451e+03
   7.000000   0.016345   0.016446
   8.000000   0.016345   0.016131
   9.0000e+00   7.5451e+03   7.5451e+03
     10.000   7545.084   7545.084
     11.000   7545.084   7545.084
     12.000   7545.084   7545.084
   1.3000e+01   1.6345e-02   1.6416e-02
   1.4000e+01   1.6345e-02   1.6588e-02
     15.000   7545.084   7545.084
     16.000   7545.084   7545.084
   1.7000e+01   1.6345e-02   1.6549e-02
     18.000   7545.084   7545.084
   1.9000e+01   1.6345e-02   1.6608e-02
     20.000   7545.084   7545.084
     21.000   7545.084   7545.084
     22.000   7545.084   7545.084
     23.000   7545.084   7545.084
     24.000   7545.084   7545.084
     25.000   7545.084   7545.084
     26.000   7545.084   7545.084
     27.000   7545.084   7545.084
   2.8000e+01   1.6345e-02   1.6130e-02
   2.9000e+01   1.6345e-02   1.6326e-02
     30.000   7545.084   7545.084
     31.000   7545.084   7545.084
     32.000   7545.084   7545.084
     33.000   7545.084   7545.084
     34.000   7545.084   7545.084
     35.000   7545.084   7545.084
   3.6000e+01   1.6345e-02   1.6158e-02
     37.000   7545.084   7545.084
     38.000   7545.084   7545.084
   3.9000e+01   1.6345e-02   1.6168e-02
     40.000   7545.084   7545.084
     41.000   7545.084   7545.084
   4.2000e+01   1.6345e-02   1.6297e-02
   4.3000e+01   1.6345e-02   1.6381e-02
     44.000   7545.084   7545.084
     45.000   7545.084   7545.084
point pair  desired_scaled computed distance with scaling
   1.0000e+00   4.5206e-05   4.5206e-05
   2.0000e+00   4.5206e-05   4.5206e-05
   3.0000e+00   9.7929e-11   9.7864e-11
   4.0000e+00   4.5206e-05   4.5206e-05
   5.0000e+00   4.5206e-05   4.5206e-05
   6.0000e+00   4.5206e-05   4.5206e-05
   7.0000e+00   9.7929e-11   9.7764e-11
   8.0000e+00   9.7929e-11   9.6842e-11
   9.0000e+00   4.5206e-05   4.5206e-05
   1.0000e+01   4.5206e-05   4.5206e-05
   1.1000e+01   4.5206e-05   4.5206e-05
   1.2000e+01   4.5206e-05   4.5206e-05
   1.3000e+01   9.7929e-11   9.7799e-11
   1.4000e+01   9.7929e-11   9.9083e-11
   1.5000e+01   4.5206e-05   4.5206e-05
   1.6000e+01   4.5206e-05   4.5206e-05
   1.7000e+01   9.7929e-11   9.8768e-11
   1.8000e+01   4.5206e-05   4.5206e-05
   1.9000e+01   9.7929e-11   9.9507e-11
   2.0000e+01   4.5206e-05   4.5206e-05
   2.1000e+01   4.5206e-05   4.5206e-05
   2.2000e+01   4.5206e-05   4.5206e-05
   2.3000e+01   4.5206e-05   4.5206e-05
   2.4000e+01   4.5206e-05   4.5206e-05
   2.5000e+01   4.5206e-05   4.5206e-05
   2.6000e+01   4.5206e-05   4.5206e-05
   2.7000e+01   4.5206e-05   4.5206e-05
   2.8000e+01   9.7929e-11   9.6601e-11
   2.9000e+01   9.7929e-11   9.5934e-11
   3.0000e+01   4.5206e-05   4.5206e-05
   3.1000e+01   4.5206e-05   4.5206e-05
   3.2000e+01   4.5206e-05   4.5206e-05
   3.3000e+01   4.5206e-05   4.5206e-05
   3.4000e+01   4.5206e-05   4.5206e-05
   3.5000e+01   4.5206e-05   4.5206e-05
   3.6000e+01   9.7929e-11   9.7555e-11
   3.7000e+01   4.5206e-05   4.5206e-05
   3.8000e+01   4.5206e-05   4.5206e-05
   3.9000e+01   9.7929e-11   9.7138e-11
   4.0000e+01   4.5206e-05   4.5206e-05
   4.1000e+01   4.5206e-05   4.5206e-05
   4.2000e+01   9.7929e-11   9.7122e-11
   4.3000e+01   9.7929e-11   9.7869e-11
   4.4000e+01   4.5206e-05   4.5206e-05
   4.5000e+01   4.5206e-05   4.5206e-05
-----------------------------
analysis of data with noise
unscaled distances inside a cluster
   0.016482   0.016588   0.016608
distances between clusters
      Inf   7545.1   7545.1
   7545.1      Inf   7545.1
   7545.1   7545.1      Inf
middle distance
3772.5
   1   1
   2   2
   3   3
   1   1
   3   3
   2   2
   2   2
   1   1
   1   1
   2   2
cluster assignment as desired, up to isomorphism

