>> manipulation_kmeans_demo
m = 10
ell = 2
    1.3706    6.2244
   -6.8120   -0.5677
   -3.7630   -2.3989
    0.5566  -12.3363
    8.8505    4.0655
   -4.7891   -5.1839
   -0.2702   -7.7359
   11.2809    0.8325
    2.9833    2.7086
  -11.4880  -17.4111
epsilon = 0.014840
h = 78
rank of M is 
ans = 78
   1.0000e+00   1.0000e+00   3.7797e-09
point pair  desired  computed distance
   1.0000e+00   5.9157e+03   5.9157e+03
   2.0000e+00   5.9157e+03   5.9157e+03
   3.000000   0.014840   0.014310
   4.0000e+00   5.9157e+03   5.9157e+03
   5.0000e+00   5.9157e+03   5.9157e+03
   6.0000e+00   5.9157e+03   5.9157e+03
   7.0000e+00   5.9157e+03   5.9157e+03
   8.0000e+00   5.9157e+03   5.9157e+03
   9.000000   0.014840   0.015395
   1.0000e+01   1.4840e-02   1.4480e-02
     11.000   5915.730   5915.730
     12.000   5915.730   5915.730
     13.000   5915.730   5915.730
     14.000   5915.730   5915.730
     15.000   5915.730   5915.730
   1.6000e+01   1.4840e-02   1.4929e-02
     17.000   5915.730   5915.730
   1.8000e+01   1.4840e-02   1.6577e-02
     19.000   5915.730   5915.730
     20.000   5915.730   5915.730
     21.000   5915.730   5915.730
     22.000   5915.730   5915.730
   2.3000e+01   1.4840e-02   1.4043e-02
     24.000   5915.730   5915.730
   2.5000e+01   1.4840e-02   1.5550e-02
     26.000   5915.730   5915.730
   2.7000e+01   1.4840e-02   1.3788e-02
     28.000   5915.730   5915.730
   2.9000e+01   1.4840e-02   1.6453e-02
     30.000   5915.730   5915.730
     31.000   5915.730   5915.730
   3.2000e+01   1.4840e-02   1.6280e-02
     33.000   5915.730   5915.730
     34.000   5915.730   5915.730
     35.000   5915.730   5915.730
     36.000   5915.730   5915.730
     37.000   5915.730   5915.730
     38.000   5915.730   5915.730
   3.9000e+01   1.4840e-02   1.2583e-02
   4.0000e+01   1.4840e-02   1.3071e-02
     41.000   5915.730   5915.730
     42.000   5915.730   5915.730
     43.000   5915.730   5915.730
   4.4000e+01   1.4840e-02   1.5897e-02
     45.000   5915.730   5915.730
   4.6000e+01   1.4840e-02   1.4957e-02
     47.000   5915.730   5915.730
     48.000   5915.730   5915.730
   4.9000e+01   1.4840e-02   1.4715e-02
     50.000   5915.730   5915.730
     51.000   5915.730   5915.730
   5.2000e+01   1.4840e-02   1.5659e-02
     53.000   5915.730   5915.730
     54.000   5915.730   5915.730
     55.000   5915.730   5915.730
     56.000   5915.730   5915.730
   5.7000e+01   1.4840e-02   1.3622e-02
     58.000   5915.730   5915.730
   5.9000e+01   1.4840e-02   1.5612e-02
     60.000   5915.730   5915.730
     61.000   5915.730   5915.730
   6.2000e+01   1.4840e-02   1.2799e-02
     63.000   5915.730   5915.730
     64.000   5915.730   5915.730
     65.000   5915.730   5915.730
     66.000   5915.730   5915.730
     67.000   5915.730   5915.730
   6.8000e+01   1.4840e-02   1.5468e-02
     69.000   5915.730   5915.730
     70.000   5915.730   5915.730
   7.1000e+01   1.4840e-02   1.6167e-02
     72.000   5915.730   5915.730
   7.3000e+01   1.4840e-02   1.5037e-02
     74.000   5915.730   5915.730
     75.000   5915.730   5915.730
     76.000   5915.730   5915.730
     77.000   5915.730   5915.730
     78.000   5915.730   5915.730
point pair  desired_scaled computed distance with scaling
   1.0000e+00   1.2860e-05   1.2860e-05
   2.0000e+00   1.2860e-05   1.2860e-05
   3.0000e+00   3.2259e-11   3.0169e-11
   4.0000e+00   1.2860e-05   1.2860e-05
   5.0000e+00   1.2860e-05   1.2860e-05
   6.0000e+00   1.2860e-05   1.2860e-05
   7.0000e+00   1.2860e-05   1.2860e-05
   8.0000e+00   1.2860e-05   1.2860e-05
   9.0000e+00   3.2259e-11   3.3112e-11
   1.0000e+01   3.2259e-11   3.2315e-11
   1.1000e+01   1.2860e-05   1.2860e-05
   1.2000e+01   1.2860e-05   1.2860e-05
   1.3000e+01   1.2860e-05   1.2860e-05
   1.4000e+01   1.2860e-05   1.2860e-05
   1.5000e+01   1.2860e-05   1.2860e-05
   1.6000e+01   3.2259e-11   3.0721e-11
   1.7000e+01   1.2860e-05   1.2860e-05
   1.8000e+01   3.2259e-11   3.9516e-11
   1.9000e+01   1.2860e-05   1.2860e-05
   2.0000e+01   1.2860e-05   1.2860e-05
   2.1000e+01   1.2860e-05   1.2860e-05
   2.2000e+01   1.2860e-05   1.2860e-05
   2.3000e+01   3.2259e-11   3.0651e-11
   2.4000e+01   1.2860e-05   1.2860e-05
   2.5000e+01   3.2259e-11   3.4382e-11
   2.6000e+01   1.2860e-05   1.2860e-05
   2.7000e+01   3.2259e-11   3.1550e-11
   2.8000e+01   1.2860e-05   1.2860e-05
   2.9000e+01   3.2259e-11   3.5407e-11
   3.0000e+01   1.2860e-05   1.2860e-05
   3.1000e+01   1.2860e-05   1.2860e-05
   3.2000e+01   3.2259e-11   3.4720e-11
   3.3000e+01   1.2860e-05   1.2860e-05
   3.4000e+01   1.2860e-05   1.2860e-05
   3.5000e+01   1.2860e-05   1.2860e-05
   3.6000e+01   1.2860e-05   1.2860e-05
   3.7000e+01   1.2860e-05   1.2860e-05
   3.8000e+01   1.2860e-05   1.2860e-05
   3.9000e+01   3.2259e-11   2.6051e-11
   4.0000e+01   3.2259e-11   2.6745e-11
   4.1000e+01   1.2860e-05   1.2860e-05
   4.2000e+01   1.2860e-05   1.2860e-05
   4.3000e+01   1.2860e-05   1.2860e-05
   4.4000e+01   3.2259e-11   3.5851e-11
   4.5000e+01   1.2860e-05   1.2860e-05
   4.6000e+01   3.2259e-11   3.2105e-11
   4.7000e+01   1.2860e-05   1.2860e-05
   4.8000e+01   1.2860e-05   1.2860e-05
   4.9000e+01   3.2259e-11   3.2894e-11
   5.0000e+01   1.2860e-05   1.2860e-05
   5.1000e+01   1.2860e-05   1.2860e-05
   5.2000e+01   3.2259e-11   3.4477e-11
   5.3000e+01   1.2860e-05   1.2860e-05
   5.4000e+01   1.2860e-05   1.2860e-05
   5.5000e+01   1.2860e-05   1.2860e-05
   5.6000e+01   1.2860e-05   1.2860e-05
   5.7000e+01   3.2259e-11   2.8989e-11
   5.8000e+01   1.2860e-05   1.2860e-05
   5.9000e+01   3.2259e-11   3.2874e-11
   6.0000e+01   1.2860e-05   1.2860e-05
   6.1000e+01   1.2860e-05   1.2860e-05
   6.2000e+01   3.2259e-11   2.7884e-11
   6.3000e+01   1.2860e-05   1.2860e-05
   6.4000e+01   1.2860e-05   1.2860e-05
   6.5000e+01   1.2860e-05   1.2860e-05
   6.6000e+01   1.2860e-05   1.2860e-05
   6.7000e+01   1.2860e-05   1.2860e-05
   6.8000e+01   3.2259e-11   3.3150e-11
   6.9000e+01   1.2860e-05   1.2860e-05
   7.0000e+01   1.2860e-05   1.2860e-05
   7.1000e+01   3.2259e-11   3.5224e-11
   7.2000e+01   1.2860e-05   1.2860e-05
   7.3000e+01   3.2259e-11   3.2623e-11
   7.4000e+01   1.2860e-05   1.2860e-05
   7.5000e+01   1.2860e-05   1.2860e-05
   7.6000e+01   1.2860e-05   1.2860e-05
   7.7000e+01   1.2860e-05   1.2860e-05
   7.8000e+01   1.2860e-05   1.2860e-05
-----------------------------
analysis of data with noise
unscaled distances inside a cluster
   3.3112e-11   3.9516e-11   3.5851e-11
distances between clusters
          Inf   1.2860e-05   1.2860e-05
   1.2860e-05          Inf   1.2860e-05
   1.2860e-05   1.2860e-05          Inf
middle distance
2957.9
centers
   4.1271  -0.2264
  -2.1335  -5.2482
  -2.0153  -3.8448
i = 100
assignment =

   1
   2
   3
   1
   3
   2
   3
   2
   3
   1
   1
   3
   2

centers =

   4.1271  -0.2264
  -2.1335  -5.2482
  -2.0153  -3.8448

ans =

   1   1
   2   2
   3   3
   1   1
   3   3
   2   2
   3   3
   2   2
   3   3
   1   1
   1   1
   3   3
   2   2

all class labels assigned as desired
